{
  "RSpec": {
    "coverage": {
      "/Users/checkraiser/work/tanphong/course_api/app/models/application_record.rb": [
        1,
        1,
        null
      ],
      "/Users/checkraiser/work/tanphong/course_api/app/channels/application_cable/channel.rb": [
        0,
        0,
        0,
        0
      ],
      "/Users/checkraiser/work/tanphong/course_api/app/channels/application_cable/connection.rb": [
        0,
        0,
        0,
        0
      ],
      "/Users/checkraiser/work/tanphong/course_api/app/commands/application_command.rb": [
        0,
        0,
        0,
        0,
        0,
        0,
        0,
        0,
        0,
        0,
        0
      ],
      "/Users/checkraiser/work/tanphong/course_api/app/commands/authenticate_client.rb": [
        0,
        0,
        0,
        0,
        0,
        0,
        0,
        0,
        0,
        0,
        0,
        0,
        0,
        0,
        0,
        0,
        0,
        0,
        0,
        0,
        0,
        0,
        0,
        0,
        0,
        0,
        0,
        0,
        0,
        0,
        0,
        0,
        0
      ],
      "/Users/checkraiser/work/tanphong/course_api/app/commands/authorize_request.rb": [
        0,
        0,
        0,
        0,
        0,
        0,
        0,
        0,
        0,
        0,
        0,
        0,
        0,
        0,
        0,
        0,
        0,
        0,
        0,
        0,
        0,
        0,
        0,
        0,
        0,
        0,
        0,
        0,
        0,
        0,
        0,
        0
      ],
      "/Users/checkraiser/work/tanphong/course_api/app/commands/create_course.rb": [
        0,
        0,
        0,
        0,
        0,
        0,
        0,
        0,
        0,
        0,
        0,
        0,
        0,
        0,
        0,
        0,
        0,
        0,
        0,
        0,
        0,
        0
      ],
      "/Users/checkraiser/work/tanphong/course_api/app/controllers/application_controller.rb": [
        0,
        0,
        0,
        0,
        0,
        0,
        0,
        0,
        0,
        0,
        0,
        0,
        0,
        0,
        0,
        0,
        0,
        0,
        0,
        0,
        0,
        0,
        0,
        0,
        0,
        0,
        0,
        0,
        0,
        0,
        0,
        0,
        0,
        0,
        0,
        0,
        0,
        0
      ],
      "/Users/checkraiser/work/tanphong/course_api/app/controllers/clients_controller.rb": [
        0,
        0,
        0,
        0,
        0,
        0,
        0,
        0,
        0,
        0,
        0,
        0,
        0,
        0,
        0,
        0,
        0,
        0
      ],
      "/Users/checkraiser/work/tanphong/course_api/app/controllers/courses_controller.rb": [
        0,
        0,
        0,
        0,
        0,
        0,
        0,
        0,
        0,
        0,
        0,
        0,
        0,
        0,
        0,
        0,
        0,
        0,
        0,
        0,
        0,
        0,
        0,
        0,
        0,
        0,
        0,
        0,
        0
      ],
      "/Users/checkraiser/work/tanphong/course_api/app/controllers/test_controller.rb": [
        0,
        0,
        0,
        0,
        0
      ],
      "/Users/checkraiser/work/tanphong/course_api/app/jobs/application_job.rb": [
        0,
        0
      ],
      "/Users/checkraiser/work/tanphong/course_api/app/mailers/application_mailer.rb": [
        0,
        0,
        0,
        0
      ],
      "/Users/checkraiser/work/tanphong/course_api/app/models/client.rb": [
        0,
        0,
        0,
        0,
        0
      ],
      "/Users/checkraiser/work/tanphong/course_api/app/models/course.rb": [
        0,
        0,
        0
      ],
      "/Users/checkraiser/work/tanphong/course_api/app/queries/application_query.rb": [
        0,
        0,
        0,
        0,
        0,
        0,
        0,
        0,
        0,
        0,
        0,
        0,
        0,
        0,
        0,
        0,
        0,
        0
      ],
      "/Users/checkraiser/work/tanphong/course_api/app/queries/search_course.rb": [
        0,
        0,
        0,
        0,
        0,
        0,
        0,
        0,
        0,
        0,
        0
      ],
      "/Users/checkraiser/work/tanphong/course_api/app/responders/application_responder.rb": [
        0,
        0,
        0,
        0,
        0,
        0,
        0,
        0,
        0
      ],
      "/Users/checkraiser/work/tanphong/course_api/app/responders/test_responder.rb": [
        0,
        0,
        0,
        0,
        0,
        0,
        0
      ],
      "/Users/checkraiser/work/tanphong/course_api/app/workers/application_worker.rb": [
        0,
        0,
        0,
        0,
        0,
        0,
        0,
        0,
        0,
        0,
        0,
        0
      ],
      "/Users/checkraiser/work/tanphong/course_api/lib/json_web_token.rb": [
        0,
        0,
        0,
        0,
        0,
        0,
        0,
        0,
        0,
        0,
        0,
        0,
        0
      ]
    },
    "timestamp": 1496303922
  }
}
