{
  "RSpec": {
    "coverage": {
      "/Users/checkraiser/work/tanphong/course_api/app/models/client.rb": [
        1,
        1,
        null
      ],
      "/Users/checkraiser/work/tanphong/course_api/app/models/application_record.rb": [
        1,
        1,
        null
      ],
      "/Users/checkraiser/work/tanphong/course_api/app/controllers/clients_controller.rb": [
        1,
        1,
        null,
        1,
        4,
        4,
        null,
        null,
        1,
        null,
        1,
        4,
        null,
        null,
        1,
        4,
        null,
        null
      ],
      "/Users/checkraiser/work/tanphong/course_api/app/controllers/application_controller.rb": [
        1,
        1,
        null,
        1,
        null,
        1,
        null,
        1,
        3,
        3,
        null,
        null,
        1,
        6,
        6,
        4,
        null,
        2,
        null,
        0,
        0,
        null,
        0,
        null,
        null,
        null,
        1,
        null,
        null,
        null,
        null,
        3,
        null,
        null
      ],
      "/Users/checkraiser/work/tanphong/course_api/app/commands/authenticate_client.rb": [
        1,
        1,
        1,
        null,
        1,
        null,
        1,
        1,
        null,
        1,
        4,
        4,
        4,
        4,
        null,
        0,
        null,
        null,
        1,
        4,
        null,
        0,
        null,
        null,
        1,
        null,
        1,
        7,
        7,
        1,
        null,
        null,
        null
      ],
      "/Users/checkraiser/work/tanphong/course_api/app/commands/application_command.rb": [
        1,
        1,
        6,
        6,
        4,
        null,
        2,
        null,
        6,
        null,
        null
      ],
      "/Users/checkraiser/work/tanphong/course_api/lib/json_web_token.rb": [
        1,
        1,
        3,
        3,
        null,
        null,
        1,
        4,
        3,
        null,
        1,
        null,
        null
      ],
      "/Users/checkraiser/work/tanphong/course_api/app/controllers/courses_controller.rb": [
        1,
        1,
        2,
        2,
        null,
        null,
        1,
        null,
        1,
        2,
        null,
        null,
        1,
        2,
        null,
        null
      ],
      "/Users/checkraiser/work/tanphong/course_api/app/commands/authorize_request.rb": [
        1,
        1,
        null,
        1,
        3,
        3,
        3,
        null,
        0,
        null,
        null,
        1,
        3,
        3,
        3,
        null,
        0,
        null,
        null,
        1,
        null,
        1,
        null,
        1,
        3,
        3,
        2,
        null,
        1,
        null,
        null,
        null
      ],
      "/Users/checkraiser/work/tanphong/course_api/app/commands/create_course.rb": [
        1,
        1,
        1,
        null,
        1,
        null,
        1,
        null,
        1,
        2,
        null,
        null,
        1,
        2,
        null,
        0,
        null,
        null
      ],
      "/Users/checkraiser/work/tanphong/course_api/app/models/course.rb": [
        1,
        null
      ],
      "/Users/checkraiser/work/tanphong/course_api/app/channels/application_cable/channel.rb": [
        0,
        0,
        0,
        0
      ],
      "/Users/checkraiser/work/tanphong/course_api/app/channels/application_cable/connection.rb": [
        0,
        0,
        0,
        0
      ],
      "/Users/checkraiser/work/tanphong/course_api/app/jobs/application_job.rb": [
        0,
        0
      ],
      "/Users/checkraiser/work/tanphong/course_api/app/mailers/application_mailer.rb": [
        0,
        0,
        0,
        0
      ]
    },
    "timestamp": 1496285572
  }
}
